[7-1-2022 13:48:34] [MASTER] Creating sockets
[7-1-2022 13:48:34] [MASTER] Configuring sockets
[7-1-2022 13:48:34] [MASTER] Binding sockets
[7-1-2022 13:48:34] [MASTER] Listening on sockets
[7-1-2022 13:48:34] [MASTER] Accepting incoming connections on sockets
[7-1-2022 13:49:0] [MASTER] Creating sockets
[7-1-2022 13:49:0] [MASTER] Configuring sockets
[7-1-2022 13:49:0] [MASTER] Binding sockets
[7-1-2022 13:49:0] [MASTER] Listening on sockets
[7-1-2022 13:49:0] [MASTER] Accepting incoming connections on sockets
[7-1-2022 13:51:6] [MASTER] Creating sockets
[7-1-2022 13:51:6] [MASTER] Configuring sockets
[7-1-2022 13:51:6] [MASTER] Binding sockets
[7-1-2022 13:51:6] [MASTER] Listening on sockets
[7-1-2022 13:51:6] [MASTER] Accepting incoming connections on sockets
[7-1-2022 13:51:56] [MASTER] Creating sockets
[7-1-2022 13:51:56] [MASTER] Configuring sockets
[7-1-2022 13:51:56] [MASTER] Binding sockets
[7-1-2022 13:51:56] [MASTER] Listening on sockets
[7-1-2022 13:51:56] [MASTER] Accepting incoming connections on sockets
[7-1-2022 13:52:34] [MASTER] Creating sockets
[7-1-2022 13:52:34] [MASTER] Configuring sockets
[7-1-2022 13:52:34] [MASTER] Binding sockets
[7-1-2022 13:52:34] [MASTER] Listening on sockets
[7-1-2022 13:52:34] [MASTER] Accepting incoming connections on sockets
[7-1-2022 13:54:36] [MASTER] Creating sockets
[7-1-2022 13:54:36] [MASTER] Configuring sockets
[7-1-2022 13:54:36] [MASTER] Binding sockets
[7-1-2022 13:54:36] [MASTER] Listening on sockets
[7-1-2022 13:54:36] [MASTER] Accepting incoming connections on sockets
[7-1-2022 13:54:52] [MASTER] Creating sockets
[7-1-2022 13:54:52] [MASTER] Configuring sockets
[7-1-2022 13:54:52] [MASTER] Binding sockets
[7-1-2022 13:54:52] [MASTER] Listening on sockets
[7-1-2022 13:54:52] [MASTER] Accepting incoming connections on sockets
[7-1-2022 13:57:10] [MASTER] Creating sockets
[7-1-2022 13:57:10] [MASTER] Configuring sockets
[7-1-2022 13:57:10] [MASTER] Binding sockets
[7-1-2022 13:57:10] [MASTER] Listening on sockets
[7-1-2022 13:57:10] [MASTER] Accepting incoming connections on sockets
[7-1-2022 13:57:16] [MASTER] Creating sockets
[7-1-2022 13:57:16] [MASTER] Configuring sockets
[7-1-2022 13:57:16] [MASTER] Binding sockets
[7-1-2022 13:57:16] [MASTER] Listening on sockets
[7-1-2022 13:57:16] [MASTER] Accepting incoming connections on sockets
[7-1-2022 13:57:28] [MASTER] Creating sockets
[7-1-2022 13:57:28] [MASTER] Configuring sockets
[7-1-2022 13:57:28] [MASTER] Binding sockets
[7-1-2022 13:57:28] [MASTER] Listening on sockets
[7-1-2022 13:57:28] [MASTER] Accepting incoming connections on sockets
[7-1-2022 14:0:18] [MASTER] Creating sockets
[7-1-2022 14:0:18] [MASTER] Configuring sockets
[7-1-2022 14:0:18] [MASTER] Binding sockets
[7-1-2022 14:2:25] [MASTER] Creating sockets
[7-1-2022 14:2:25] [MASTER] Configuring sockets
[7-1-2022 14:2:25] [MASTER] Binding sockets
[7-1-2022 14:2:25] [MASTER] Listening on sockets
[7-1-2022 14:2:25] [MASTER] Accepting incoming connections on sockets
[7-1-2022 14:2:32] [MASTER] Creating sockets
[7-1-2022 14:2:32] [MASTER] Configuring sockets
[7-1-2022 14:2:32] [MASTER] Binding sockets
[7-1-2022 14:2:32] [MASTER] Listening on sockets
[7-1-2022 14:2:32] [MASTER] Accepting incoming connections on sockets
[7-1-2022 14:3:4] [MASTER] Creating sockets
[7-1-2022 14:3:4] [MASTER] Configuring sockets
[7-1-2022 14:3:4] [MASTER] Binding sockets
[7-1-2022 14:3:4] [MASTER] Listening on sockets
[7-1-2022 14:3:4] [MASTER] Accepting incoming connections on sockets
[7-1-2022 14:3:27] [MASTER] Creating sockets
[7-1-2022 14:3:27] [MASTER] Configuring sockets
[7-1-2022 14:3:27] [MASTER] Binding sockets
[7-1-2022 14:3:27] [MASTER] Listening on sockets
[7-1-2022 14:3:27] [MASTER] Accepting incoming connections on sockets
[7-1-2022 14:7:6] [MASTER] Creating sockets
[7-1-2022 14:7:6] [MASTER] Configuring sockets
[7-1-2022 14:7:6] [MASTER] Binding sockets
[7-1-2022 14:7:6] [MASTER] Listening on sockets
[7-1-2022 14:7:6] [MASTER] Accepting incoming connections on sockets
[7-1-2022 14:8:18] [MASTER] Creating sockets
[7-1-2022 14:8:18] [MASTER] Configuring sockets
[7-1-2022 14:8:18] [MASTER] Binding sockets
[7-1-2022 14:8:18] [MASTER] Listening on sockets
[7-1-2022 14:8:18] [MASTER] Accepting incoming connections on sockets
[7-1-2022 14:8:18] [MASTER] Reading from sockets
[7-1-2022 14:10:22] [MASTER] Creating sockets
[7-1-2022 14:10:22] [MASTER] Configuring sockets
[7-1-2022 14:10:22] [MASTER] Binding sockets
[7-1-2022 14:10:22] [MASTER] Listening on sockets
[7-1-2022 14:10:22] [MASTER] Accepting incoming connections on sockets
[7-1-2022 14:10:22] [MASTER] Reading from sockets
[7-1-2022 14:11:56] [MASTER] Creating sockets
[7-1-2022 14:11:56] [MASTER] Configuring sockets
[7-1-2022 14:11:56] [MASTER] Binding sockets
[7-1-2022 14:11:56] [MASTER] Listening on sockets
[7-1-2022 14:11:56] [MASTER] Accepting incoming connections on sockets
[7-1-2022 14:11:56] [MASTER] Reading from sockets
[7-1-2022 14:12:31] [MASTER] Creating sockets
[7-1-2022 14:12:31] [MASTER] Configuring sockets
[7-1-2022 14:12:31] [MASTER] Binding sockets
[7-1-2022 14:12:31] [MASTER] Listening on sockets
[7-1-2022 14:12:31] [MASTER] Accepting incoming connections on sockets
[7-1-2022 14:12:31] [MASTER] Reading from sockets
[7-1-2022 14:13:45] [MASTER] Creating sockets
[7-1-2022 14:13:45] [MASTER] Configuring sockets
[7-1-2022 14:13:45] [MASTER] Binding sockets
[7-1-2022 14:13:45] [MASTER] Listening on sockets
[7-1-2022 14:13:45] [MASTER] Accepting incoming connections on sockets
[7-1-2022 14:13:51] [MASTER] Creating sockets
[7-1-2022 14:13:51] [MASTER] Configuring sockets
[7-1-2022 14:13:51] [MASTER] Binding sockets
[7-1-2022 14:13:51] [MASTER] Listening on sockets
[7-1-2022 14:13:51] [MASTER] Accepting incoming connections on sockets
[7-1-2022 14:13:51] [MASTER] Reading from sockets
[7-1-2022 14:14:29] [MASTER] Creating sockets
[7-1-2022 14:14:29] [MASTER] Configuring sockets
[7-1-2022 14:14:29] [MASTER] Binding sockets
[7-1-2022 14:14:29] [MASTER] Listening on sockets
[7-1-2022 14:14:29] [MASTER] Accepting incoming connections on sockets
[7-1-2022 14:14:29] [MASTER] Reading from sockets
[7-1-2022 14:15:20] [MASTER] Creating sockets
[7-1-2022 14:15:20] [MASTER] Configuring sockets
[7-1-2022 14:15:20] [MASTER] Binding sockets
[7-1-2022 14:15:20] [MASTER] Listening on sockets
[7-1-2022 14:15:20] [MASTER] Accepting incoming connections on sockets
[7-1-2022 14:15:26] [MASTER] Creating sockets
[7-1-2022 14:15:26] [MASTER] Configuring sockets
[7-1-2022 14:15:26] [MASTER] Binding sockets
[7-1-2022 14:15:26] [MASTER] Listening on sockets
[7-1-2022 14:15:26] [MASTER] Accepting incoming connections on sockets
[7-1-2022 14:15:26] [MASTER] Reading from sockets
[7-1-2022 14:16:15] [MASTER] Creating sockets
[7-1-2022 14:16:15] [MASTER] Configuring sockets
[7-1-2022 14:16:15] [MASTER] Binding sockets
[7-1-2022 14:16:15] [MASTER] Listening on sockets
[7-1-2022 14:16:15] [MASTER] Accepting incoming connections on sockets
[7-1-2022 14:16:20] [MASTER] Creating sockets
[7-1-2022 14:16:20] [MASTER] Configuring sockets
[7-1-2022 14:16:20] [MASTER] Binding sockets
[7-1-2022 14:16:20] [MASTER] Listening on sockets
[7-1-2022 14:16:20] [MASTER] Accepting incoming connections on sockets
[7-1-2022 14:16:20] [MASTER] Reading from sockets
[7-1-2022 14:16:56] [MASTER] Creating sockets
[7-1-2022 14:16:56] [MASTER] Configuring sockets
[7-1-2022 14:16:56] [MASTER] Binding sockets
[7-1-2022 14:16:56] [MASTER] Listening on sockets
[7-1-2022 14:16:56] [MASTER] Accepting incoming connections on sockets
[7-1-2022 14:17:3] [MASTER] Creating sockets
[7-1-2022 14:17:3] [MASTER] Configuring sockets
[7-1-2022 14:17:3] [MASTER] Binding sockets
[7-1-2022 14:17:3] [MASTER] Listening on sockets
[7-1-2022 14:17:3] [MASTER] Accepting incoming connections on sockets
[7-1-2022 14:17:3] [MASTER] Reading from sockets
[7-1-2022 14:47:30] [MASTER] Creating sockets
[7-1-2022 14:47:30] [MASTER] Configuring sockets
[7-1-2022 14:47:30] [MASTER] Binding sockets
[7-1-2022 14:47:30] [MASTER] Listening on sockets
[7-1-2022 14:47:30] [MASTER] Accepting incoming connections on sockets
[7-1-2022 14:47:41] [MASTER] Creating sockets
[7-1-2022 14:47:41] [MASTER] Configuring sockets
[7-1-2022 14:47:41] [MASTER] Binding sockets
[7-1-2022 14:47:41] [MASTER] Listening on sockets
[7-1-2022 14:47:41] [MASTER] Accepting incoming connections on sockets
[7-1-2022 14:47:41] [MASTER] Reading from sockets
[7-1-2022 14:48:1] [MASTER] Creating sockets
[7-1-2022 14:48:1] [MASTER] Configuring sockets
[7-1-2022 14:48:1] [MASTER] Binding sockets
[7-1-2022 14:48:1] [MASTER] Listening on sockets
[7-1-2022 14:48:1] [MASTER] Accepting incoming connections on sockets
[7-1-2022 14:48:11] [MASTER] Creating sockets
[7-1-2022 14:48:11] [MASTER] Configuring sockets
[7-1-2022 14:48:11] [MASTER] Binding sockets
[7-1-2022 14:48:11] [MASTER] Listening on sockets
[7-1-2022 14:48:11] [MASTER] Accepting incoming connections on sockets
[7-1-2022 14:48:12] [MASTER] Reading from sockets
[7-1-2022 14:48:50] [MASTER] Creating sockets
[7-1-2022 14:48:50] [MASTER] Configuring sockets
[7-1-2022 14:48:50] [MASTER] Binding sockets
[7-1-2022 14:48:50] [MASTER] Listening on sockets
[7-1-2022 14:48:50] [MASTER] Accepting incoming connections on sockets
[7-1-2022 14:48:51] [MASTER] Reading from sockets
[7-1-2022 14:49:28] [MASTER] Creating sockets
[7-1-2022 14:49:28] [MASTER] Configuring sockets
[7-1-2022 14:49:28] [MASTER] Binding sockets
[7-1-2022 14:49:28] [MASTER] Listening on sockets
[7-1-2022 14:49:28] [MASTER] Accepting incoming connections on sockets
[7-1-2022 14:49:29] [MASTER] Reading from sockets
[7-1-2022 14:49:46] [MASTER] Creating sockets
[7-1-2022 14:49:46] [MASTER] Configuring sockets
[7-1-2022 14:49:46] [MASTER] Binding sockets
[7-1-2022 14:49:46] [MASTER] Listening on sockets
[7-1-2022 14:49:46] [MASTER] Accepting incoming connections on sockets
[7-1-2022 14:49:47] [MASTER] Reading from sockets
[7-1-2022 14:51:35] [MASTER] Creating sockets
[7-1-2022 14:51:35] [MASTER] Configuring sockets
[7-1-2022 14:51:35] [MASTER] Binding sockets
[7-1-2022 14:51:35] [MASTER] Listening on sockets
[7-1-2022 14:51:35] [MASTER] Accepting incoming connections on sockets
[7-1-2022 14:51:36] [MASTER] Reading from sockets
[7-1-2022 15:2:13] [MASTER] Creating sockets
[7-1-2022 15:2:13] [MASTER] Configuring sockets
[7-1-2022 15:2:13] [MASTER] Binding sockets
[7-1-2022 15:2:13] [MASTER] Listening on sockets
[7-1-2022 15:2:13] [MASTER] Accepting incoming connections on sockets
[7-1-2022 15:2:14] [MASTER] Reading from sockets
[7-1-2022 15:3:14] [MASTER] Creating sockets
[7-1-2022 15:3:14] [MASTER] Configuring sockets
[7-1-2022 15:3:14] [MASTER] Binding sockets
[7-1-2022 15:3:14] [MASTER] Listening on sockets
[7-1-2022 15:3:14] [MASTER] Accepting incoming connections on sockets
[7-1-2022 15:3:15] [MASTER] Reading from sockets
[7-1-2022 15:3:51] [MASTER] Creating sockets
[7-1-2022 15:3:51] [MASTER] Configuring sockets
[7-1-2022 15:3:51] [MASTER] Binding sockets
[7-1-2022 15:4:7] [MASTER] Creating sockets
[7-1-2022 15:4:7] [MASTER] Configuring sockets
[7-1-2022 15:4:7] [MASTER] Binding sockets
[7-1-2022 15:4:24] [MASTER] Creating sockets
[7-1-2022 15:4:24] [MASTER] Configuring sockets
[7-1-2022 15:4:24] [MASTER] Binding sockets
[7-1-2022 15:4:24] [MASTER] Listening on sockets
[7-1-2022 15:4:24] [MASTER] Accepting incoming connections on sockets
[7-1-2022 15:4:25] [MASTER] Reading from sockets
[7-1-2022 15:7:20] [MASTER] Creating sockets
[7-1-2022 15:7:20] [MASTER] Configuring sockets
[7-1-2022 15:7:20] [MASTER] Binding sockets
[7-1-2022 15:7:20] [MASTER] Listening on sockets
[7-1-2022 15:7:20] [MASTER] Accepting incoming connections on sockets
[7-1-2022 15:7:21] [MASTER] Reading from sockets
[7-1-2022 15:8:19] [MASTER] Creating sockets
[7-1-2022 15:8:19] [MASTER] Configuring sockets
[7-1-2022 15:8:19] [MASTER] Binding sockets
[7-1-2022 15:8:19] [MASTER] Listening on sockets
[7-1-2022 15:8:19] [MASTER] Accepting incoming connections on sockets
[7-1-2022 15:8:20] [MASTER] Reading from sockets
[7-1-2022 15:10:33] [MASTER] Creating sockets
[7-1-2022 15:10:33] [MASTER] Configuring sockets
[7-1-2022 15:10:33] [MASTER] Binding sockets
[7-1-2022 15:10:33] [MASTER] Listening on sockets
[7-1-2022 15:10:33] [MASTER] Accepting incoming connections on sockets
[7-1-2022 15:10:34] [MASTER] Reading from sockets
[7-1-2022 15:12:58] [MASTER] Creating sockets
[7-1-2022 15:12:58] [MASTER] Configuring sockets
[7-1-2022 15:12:58] [MASTER] Binding sockets
[7-1-2022 15:12:58] [MASTER] Listening on sockets
[7-1-2022 15:12:58] [MASTER] Accepting incoming connections on sockets
[7-1-2022 15:12:59] [MASTER] Reading from sockets
[7-1-2022 16:8:49] [MASTER] Creating sockets
[7-1-2022 16:8:49] [MASTER] Configuring sockets
[7-1-2022 16:8:49] [MASTER] Binding sockets
[7-1-2022 16:8:49] [MASTER] Listening on sockets
[7-1-2022 16:8:49] [MASTER] Accepting incoming connections on sockets
[7-1-2022 16:8:50] [MASTER] Reading from sockets
[7-1-2022 16:15:36] [MASTER] Creating sockets
[7-1-2022 16:15:36] [MASTER] Configuring sockets
[7-1-2022 16:15:36] [MASTER] Binding sockets
[7-1-2022 16:15:36] [MASTER] Listening on sockets
[7-1-2022 16:15:36] [MASTER] Accepting incoming connections on sockets
[7-1-2022 16:15:47] [MASTER] Creating sockets
[7-1-2022 16:15:47] [MASTER] Configuring sockets
[7-1-2022 16:15:47] [MASTER] Binding sockets
[7-1-2022 16:15:47] [MASTER] Listening on sockets
[7-1-2022 16:15:47] [MASTER] Accepting incoming connections on sockets
[7-1-2022 16:15:48] [MASTER] Reading from sockets
[7-1-2022 16:39:13] [MASTER] Creating sockets
[7-1-2022 16:39:13] [MASTER] Configuring sockets
[7-1-2022 16:39:13] [MASTER] Binding sockets
[7-1-2022 16:39:13] [MASTER] Listening on sockets
[7-1-2022 16:39:13] [MASTER] Accepting incoming connections on sockets
[7-1-2022 16:39:14] [MASTER] Reading from sockets
[7-1-2022 16:39:30] [MASTER] Creating sockets
[7-1-2022 16:39:30] [MASTER] Configuring sockets
[7-1-2022 16:39:30] [MASTER] Binding sockets
[7-1-2022 16:39:30] [MASTER] Listening on sockets
[7-1-2022 16:39:30] [MASTER] Accepting incoming connections on sockets
[7-1-2022 16:39:31] [MASTER] Reading from sockets
[7-1-2022 16:39:59] [MASTER] Creating sockets
[7-1-2022 16:39:59] [MASTER] Configuring sockets
[7-1-2022 16:39:59] [MASTER] Binding sockets
[7-1-2022 16:39:59] [MASTER] Listening on sockets
[7-1-2022 16:39:59] [MASTER] Accepting incoming connections on sockets
[7-1-2022 16:40:0] [MASTER] Reading from sockets
[7-1-2022 16:40:12] [MASTER] Creating sockets
[7-1-2022 16:40:12] [MASTER] Configuring sockets
[7-1-2022 16:40:12] [MASTER] Binding sockets
[7-1-2022 16:40:12] [MASTER] Listening on sockets
[7-1-2022 16:40:12] [MASTER] Accepting incoming connections on sockets
[7-1-2022 16:40:13] [MASTER] Reading from sockets
[7-1-2022 16:40:50] [MASTER] Creating sockets
[7-1-2022 16:40:50] [MASTER] Configuring sockets
[7-1-2022 16:40:50] [MASTER] Binding sockets
[7-1-2022 16:40:50] [MASTER] Listening on sockets
[7-1-2022 16:40:50] [MASTER] Accepting incoming connections on sockets
[7-1-2022 16:40:51] [MASTER] Reading from sockets
[7-1-2022 16:42:54] [MASTER] Creating sockets
[7-1-2022 16:42:54] [MASTER] Configuring sockets
[7-1-2022 16:42:54] [MASTER] Binding sockets
[7-1-2022 16:42:54] [MASTER] Listening on sockets
[7-1-2022 16:42:54] [MASTER] Accepting incoming connections on sockets
[7-1-2022 16:42:55] [MASTER] Reading from sockets
[7-1-2022 16:44:32] [MASTER] Creating sockets
[7-1-2022 16:44:32] [MASTER] Configuring sockets
[7-1-2022 16:44:32] [MASTER] Binding sockets
[7-1-2022 16:44:32] [MASTER] Listening on sockets
[7-1-2022 16:44:32] [MASTER] Accepting incoming connections on sockets
[7-1-2022 16:44:33] [MASTER] Reading from sockets
[7-1-2022 16:45:22] [MASTER] Creating sockets
[7-1-2022 16:45:22] [MASTER] Configuring sockets
[7-1-2022 16:45:22] [MASTER] Binding sockets
[7-1-2022 16:45:22] [MASTER] Listening on sockets
[7-1-2022 16:45:22] [MASTER] Accepting incoming connections on sockets
[7-1-2022 16:45:23] [MASTER] Reading from sockets
